<?xml version="1.0" encoding="UTF-8"?>
<testsuite name="com.tenpo.mathfusion.MathFusionApplicationTests" tests="1" skipped="0" failures="0" errors="0" timestamp="2023-10-09T02:09:28" hostname="Air-de-Rosmirez.fibertel.com.ar" time="0.306">
  <properties/>
  <testcase name="contextLoads()" classname="com.tenpo.mathfusion.MathFusionApplicationTests" time="0.306"/>
  <system-out><![CDATA[23:09:26.161 [Test worker] INFO org.springframework.test.context.support.AnnotationConfigContextLoaderUtils -- Could not detect default configuration classes for test class [com.tenpo.mathfusion.MathFusionApplicationTests]: MathFusionApplicationTests does not declare any static, non-private, non-final, nested classes annotated with @Configuration.
23:09:26.204 [Test worker] INFO org.springframework.boot.test.context.SpringBootTestContextBootstrapper -- Found @SpringBootConfiguration com.tenpo.mathfusion.MathFusionApplication for test class com.tenpo.mathfusion.MathFusionApplicationTests

  .   ____          _            __ _ _
 /\\ / ___'_ __ _ _(_)_ __  __ _ \ \ \ \
( ( )\___ | '_ | '_| | '_ \/ _` | \ \ \ \
 \\/  ___)| |_)| | | | | || (_| |  ) ) ) )
  '  |____| .__|_| |_|_| |_\__, | / / / /
 =========|_|==============|___/=/_/_/_/
 :: Spring Boot ::                (v3.1.4)

2023-10-08T23:09:26.371-03:00  INFO 86601 --- [    Test worker] c.t.m.MathFusionApplicationTests         : Starting MathFusionApplicationTests using Java 21 with PID 86601 (started by rosmirez in /Users/rosmirez/Documents/math-fusion)
2023-10-08T23:09:26.372-03:00  INFO 86601 --- [    Test worker] c.t.m.MathFusionApplicationTests         : No active profile set, falling back to 1 default profile: "default"
2023-10-08T23:09:26.864-03:00  INFO 86601 --- [    Test worker] .s.d.r.c.RepositoryConfigurationDelegate : Bootstrapping Spring Data JPA repositories in DEFAULT mode.
2023-10-08T23:09:26.887-03:00  INFO 86601 --- [    Test worker] .s.d.r.c.RepositoryConfigurationDelegate : Finished Spring Data repository scanning in 19 ms. Found 1 JPA repository interfaces.
2023-10-08T23:09:27.055-03:00  INFO 86601 --- [    Test worker] o.f.c.internal.license.VersionPrinter    : Flyway Community Edition 9.16.3 by Redgate
2023-10-08T23:09:27.055-03:00  INFO 86601 --- [    Test worker] o.f.c.internal.license.VersionPrinter    : See release notes here: https://rd.gt/416ObMi
2023-10-08T23:09:27.055-03:00  INFO 86601 --- [    Test worker] o.f.c.internal.license.VersionPrinter    : 
2023-10-08T23:09:27.059-03:00  INFO 86601 --- [    Test worker] com.zaxxer.hikari.HikariDataSource       : HikariPool-1 - Starting...
2023-10-08T23:09:27.110-03:00  INFO 86601 --- [    Test worker] com.zaxxer.hikari.pool.HikariPool        : HikariPool-1 - Added connection org.postgresql.jdbc.PgConnection@60b1ff3b
2023-10-08T23:09:27.111-03:00  INFO 86601 --- [    Test worker] com.zaxxer.hikari.HikariDataSource       : HikariPool-1 - Start completed.
2023-10-08T23:09:27.118-03:00  INFO 86601 --- [    Test worker] o.f.c.i.database.base.BaseDatabaseType   : Database: jdbc:postgresql://localhost:5432/math_fusion_db (PostgreSQL 14.9)
2023-10-08T23:09:27.156-03:00  INFO 86601 --- [    Test worker] o.f.core.internal.command.DbValidate     : Successfully validated 1 migration (execution time 00:00.028s)
2023-10-08T23:09:27.167-03:00  INFO 86601 --- [    Test worker] o.f.core.internal.command.DbMigrate      : Current version of schema "public": 1
2023-10-08T23:09:27.168-03:00  INFO 86601 --- [    Test worker] o.f.core.internal.command.DbMigrate      : Schema "public" is up to date. No migration necessary.
2023-10-08T23:09:27.227-03:00  INFO 86601 --- [    Test worker] o.hibernate.jpa.internal.util.LogHelper  : HHH000204: Processing PersistenceUnitInfo [name: default]
2023-10-08T23:09:27.248-03:00  INFO 86601 --- [    Test worker] org.hibernate.Version                    : HHH000412: Hibernate ORM core version 6.2.9.Final
2023-10-08T23:09:27.249-03:00  INFO 86601 --- [    Test worker] org.hibernate.cfg.Environment            : HHH000406: Using bytecode reflection optimizer
2023-10-08T23:09:27.305-03:00  INFO 86601 --- [    Test worker] o.h.b.i.BytecodeProviderInitiator        : HHH000021: Bytecode provider name : bytebuddy
2023-10-08T23:09:27.357-03:00  INFO 86601 --- [    Test worker] o.s.o.j.p.SpringPersistenceUnitInfo      : No LoadTimeWeaver setup: ignoring JPA class transformer
2023-10-08T23:09:27.454-03:00  INFO 86601 --- [    Test worker] o.h.b.i.BytecodeProviderInitiator        : HHH000021: Bytecode provider name : bytebuddy
2023-10-08T23:09:27.692-03:00  INFO 86601 --- [    Test worker] o.h.e.t.j.p.i.JtaPlatformInitiator       : HHH000490: Using JtaPlatform implementation: [org.hibernate.engine.transaction.jta.platform.internal.NoJtaPlatform]
2023-10-08T23:09:27.726-03:00  INFO 86601 --- [    Test worker] j.LocalContainerEntityManagerFactoryBean : Initialized JPA EntityManagerFactory for persistence unit 'default'
Migrating database...
2023-10-08T23:09:27.735-03:00  INFO 86601 --- [    Test worker] o.f.core.internal.command.DbValidate     : Successfully validated 1 migration (execution time 00:00.002s)
2023-10-08T23:09:27.738-03:00  INFO 86601 --- [    Test worker] o.f.core.internal.command.DbMigrate      : Current version of schema "public": 1
2023-10-08T23:09:27.739-03:00  INFO 86601 --- [    Test worker] o.f.core.internal.command.DbMigrate      : Schema "public" is up to date. No migration necessary.
2023-10-08T23:09:27.974-03:00  WARN 86601 --- [    Test worker] JpaBaseConfiguration$JpaWebConfiguration : spring.jpa.open-in-view is enabled by default. Therefore, database queries may be performed during view rendering. Explicitly configure spring.jpa.open-in-view to disable this warning
2023-10-08T23:09:28.621-03:00  INFO 86601 --- [    Test worker] o.s.b.a.e.web.EndpointLinksResolver      : Exposing 1 endpoint(s) beneath base path '/actuator'
2023-10-08T23:09:28.655-03:00  INFO 86601 --- [    Test worker] c.t.m.MathFusionApplicationTests         : Started MathFusionApplicationTests in 2.391 seconds (process running for 2.905)
2023-10-08T23:09:28.700-03:00  INFO 86601 --- [    Test worker] o.s.b.a.b.JobLauncherApplicationRunner   : Running default command line with: []
]]></system-out>
  <system-err><![CDATA[WARNING: A Java agent has been loaded dynamically (/Users/rosmirez/.gradle/caches/modules-2/files-2.1/net.bytebuddy/byte-buddy-agent/1.14.8/ae6ebe485f3bcd0a1e20241488a32e6400a501ef/byte-buddy-agent-1.14.8.jar)
WARNING: If a serviceability tool is in use, please run with -XX:+EnableDynamicAgentLoading to hide this warning
WARNING: If a serviceability tool is not in use, please run with -Djdk.instrument.traceUsage for more information
WARNING: Dynamic loading of agents will be disallowed by default in a future release
]]></system-err>
</testsuite>
