<?xml version="1.0" encoding="UTF-8"?>
<testsuite name="com.tenpo.mathfusion.service.CalculationServiceTest" tests="4" skipped="0" failures="0" errors="0" timestamp="2023-10-06T12:48:13" hostname="MacBook-Air-de-Rosmirez.local" time="0.13">
  <properties/>
  <testcase name="testCalculateWithPercentage()" classname="com.tenpo.mathfusion.service.CalculationServiceTest" time="0.115"/>
  <testcase name="testCalculateWithPercentage_EmptyPercentageType()" classname="com.tenpo.mathfusion.service.CalculationServiceTest" time="0.003"/>
  <testcase name="testCalculateWithPercentage_ExternalServiceError()" classname="com.tenpo.mathfusion.service.CalculationServiceTest" time="0.005"/>
  <testcase name="testCalculateWithPercentage_ValidInput()" classname="com.tenpo.mathfusion.service.CalculationServiceTest" time="0.002"/>
  <system-out><![CDATA[]]></system-out>
  <system-err><![CDATA[]]></system-err>
</testsuite>
