<?xml version="1.0" encoding="UTF-8"?>
<testsuite name="com.tenpo.mathfusion.service.CalculationServiceTest" tests="4" skipped="0" failures="0" errors="0" timestamp="2023-10-09T02:09:30" hostname="Air-de-Rosmirez.fibertel.com.ar" time="0.051">
  <properties/>
  <testcase name="testCalculateWithPercentage()" classname="com.tenpo.mathfusion.service.CalculationServiceTest" time="0.046"/>
  <testcase name="testCalculateWithPercentage_EmptyPercentageType()" classname="com.tenpo.mathfusion.service.CalculationServiceTest" time="0.001"/>
  <testcase name="testCalculateWithPercentage_ExternalServiceError()" classname="com.tenpo.mathfusion.service.CalculationServiceTest" time="0.002"/>
  <testcase name="testCalculateWithPercentage_ValidInput()" classname="com.tenpo.mathfusion.service.CalculationServiceTest" time="0.002"/>
  <system-out><![CDATA[]]></system-out>
  <system-err><![CDATA[]]></system-err>
</testsuite>
